<?xml version="1.0" encoding="UTF-8"?>
<testng-results total="1" passed="1" failed="0" skipped="0">
  <reporter-output>
  </reporter-output>
  <suite started-at="2024-05-27T04:10:39Z" name="Default suite" finished-at="2024-05-27T04:11:16Z" duration-ms="37095">
    <groups>
    </groups>
    <test started-at="2024-05-27T04:10:39Z" name="Default test" finished-at="2024-05-27T04:11:16Z" duration-ms="37095">
      <class name="ikame.chatai.testsuite.TS_04_Chat_AI_Midj_Art">
        <test-method is-config="true" signature="init()[pri:0, instance:ikame.chatai.testsuite.TS_04_Chat_AI_Midj_Art@30af5b6b]" started-at="2024-05-27T11:10:39Z" name="init" finished-at="2024-05-27T11:10:46Z" duration-ms="6732" status="PASS">
          <reporter-output>
          </reporter-output>
        </test-method> <!-- init -->
        <test-method signature="TC_010_Check_AllLink_Midj_Art_Wallpapers()[pri:0, instance:ikame.chatai.testsuite.TS_04_Chat_AI_Midj_Art@30af5b6b]" started-at="2024-05-27T11:10:46Z" name="TC_010_Check_AllLink_Midj_Art_Wallpapers" finished-at="2024-05-27T11:11:16Z" duration-ms="29928" status="PASS">
          <reporter-output>
          </reporter-output>
        </test-method> <!-- TC_010_Check_AllLink_Midj_Art_Wallpapers -->
        <test-method is-config="true" signature="after()[pri:0, instance:ikame.chatai.testsuite.TS_04_Chat_AI_Midj_Art@30af5b6b]" started-at="2024-05-27T11:11:16Z" name="after" finished-at="2024-05-27T11:11:16Z" duration-ms="425" status="PASS">
          <reporter-output>
          </reporter-output>
        </test-method> <!-- after -->
      </class> <!-- ikame.chatai.testsuite.TS_04_Chat_AI_Midj_Art -->
    </test> <!-- Default test -->
  </suite> <!-- Default suite -->
</testng-results>
